
D:\WkPjt\MStory2.0\Mango-Z1.Firmware\Z1.Src001.HelloWorld\project\RIDE\obj\hw_config.o:     file format elf32-littlearm
D:\WkPjt\MStory2.0\Mango-Z1.Firmware\Z1.Src001.HelloWorld\project\RIDE\obj\hw_config.o

Disassembly of section .text.__io_putchar:

00000000 <__io_putchar>:
__io_putchar():
D:\WkPjt\MStory2.0\Mango-Z1.Firmware\Z1.Src001.HelloWorld\src/hw_config.c:90
 * Return : None
 */
PUTCHAR_PROTOTYPE
{
    /* Write a character to the USART */  
    if( ch == '\n') {
   0:	280a      	cmp	r0, #10
D:\WkPjt\MStory2.0\Mango-Z1.Firmware\Z1.Src001.HelloWorld\src/hw_config.c:88
 * Input  : None
 * Output : None
 * Return : None
 */
PUTCHAR_PROTOTYPE
{
   2:	b510      	push	{r4, lr}
   4:	4604      	mov	r4, r0
D:\WkPjt\MStory2.0\Mango-Z1.Firmware\Z1.Src001.HelloWorld\src/hw_config.c:90
    /* Write a character to the USART */  
    if( ch == '\n') {
   6:	d10c      	bne.n	22 <__io_putchar+0x22>
D:\WkPjt\MStory2.0\Mango-Z1.Firmware\Z1.Src001.HelloWorld\src/hw_config.c:91
        USART_SendData(USART1, '\r');
   8:	480c      	ldr	r0, [pc, #48]	(3c <__io_putchar+0x3c>)
   a:	210d      	movs	r1, #13
   c:	f7ff fffe 	bl	0 <USART_SendData>
D:\WkPjt\MStory2.0\Mango-Z1.Firmware\Z1.Src001.HelloWorld\src/hw_config.c:92
        while(USART_GetFlagStatus(USART1, USART_FLAG_TXE) == RESET);
  10:	480a      	ldr	r0, [pc, #40]	(3c <__io_putchar+0x3c>)
  12:	2180      	movs	r1, #128
  14:	f7ff fffe 	bl	0 <USART_GetFlagStatus>
  18:	2800      	cmp	r0, #0
  1a:	d0f9      	beq.n	10 <__io_putchar+0x10>
D:\WkPjt\MStory2.0\Mango-Z1.Firmware\Z1.Src001.HelloWorld\src/hw_config.c:93
        USART_SendData(USART1, '\n');
  1c:	4807      	ldr	r0, [pc, #28]	(3c <__io_putchar+0x3c>)
  1e:	210a      	movs	r1, #10
  20:	e001      	b.n	26 <__io_putchar+0x26>
D:\WkPjt\MStory2.0\Mango-Z1.Firmware\Z1.Src001.HelloWorld\src/hw_config.c:95
    }else {
        USART_SendData(USART1, (u8) ch);
  22:	4806      	ldr	r0, [pc, #24]	(3c <__io_putchar+0x3c>)
  24:	b2e1      	uxtb	r1, r4
  26:	f7ff fffe 	bl	0 <USART_SendData>
D:\WkPjt\MStory2.0\Mango-Z1.Firmware\Z1.Src001.HelloWorld\src/hw_config.c:99
    }

    /* Loop until the end of transmission */
    while(USART_GetFlagStatus(USART1, USART_FLAG_TXE) == RESET);
  2a:	4804      	ldr	r0, [pc, #16]	(3c <__io_putchar+0x3c>)
  2c:	2180      	movs	r1, #128
  2e:	f7ff fffe 	bl	0 <USART_GetFlagStatus>
  32:	2800      	cmp	r0, #0
  34:	d0f9      	beq.n	2a <USART_GetFlagStatus+0x2a>
D:\WkPjt\MStory2.0\Mango-Z1.Firmware\Z1.Src001.HelloWorld\src/hw_config.c:102

    return ch;
}
  36:	4620      	mov	r0, r4
  38:	bd10      	pop	{r4, pc}
  3a:	46c0      	nop			(mov r8, r8)
  3c:	40013800 	.word	0x40013800
Disassembly of section .text.GPIO_Configuration:

00000000 <GPIO_Configuration>:
GPIO_Configuration():
D:\WkPjt\MStory2.0\Mango-Z1.Firmware\Z1.Src001.HelloWorld\src/hw_config.c:64
 * Input  : None
 * Output : None
 * Return : None
 */
void GPIO_Configuration(void)
{
   0:	b537      	push	{r0, r1, r2, r4, r5, lr}
D:\WkPjt\MStory2.0\Mango-Z1.Firmware\Z1.Src001.HelloWorld\src/hw_config.c:70
    GPIO_InitTypeDef GPIO_InitStructure;

    // UART configuration ...

    /* Configure USARTx_Tx as alternate function push-pull */
    GPIO_InitStructure.GPIO_Pin   = GPIO_USART_Tx_Pin;
   2:	f44f 7300 	mov.w	r3, #512	; 0x200
D:\WkPjt\MStory2.0\Mango-Z1.Firmware\Z1.Src001.HelloWorld\src/hw_config.c:73
    GPIO_InitStructure.GPIO_Speed = GPIO_Speed_50MHz;
    GPIO_InitStructure.GPIO_Mode  = GPIO_Mode_AF_PP;
    GPIO_Init(GPIO_USART, &GPIO_InitStructure);
   6:	4c0d      	ldr	r4, [pc, #52]	(3c <GPIO_Configuration+0x3c>)
D:\WkPjt\MStory2.0\Mango-Z1.Firmware\Z1.Src001.HelloWorld\src/hw_config.c:70
    GPIO_InitTypeDef GPIO_InitStructure;

    // UART configuration ...

    /* Configure USARTx_Tx as alternate function push-pull */
    GPIO_InitStructure.GPIO_Pin   = GPIO_USART_Tx_Pin;
   8:	f8ad 3004 	strh.w	r3, [sp, #4]
D:\WkPjt\MStory2.0\Mango-Z1.Firmware\Z1.Src001.HelloWorld\src/hw_config.c:73
    GPIO_InitStructure.GPIO_Speed = GPIO_Speed_50MHz;
    GPIO_InitStructure.GPIO_Mode  = GPIO_Mode_AF_PP;
    GPIO_Init(GPIO_USART, &GPIO_InitStructure);
   c:	ad01      	add	r5, sp, #4
D:\WkPjt\MStory2.0\Mango-Z1.Firmware\Z1.Src001.HelloWorld\src/hw_config.c:71

    // UART configuration ...

    /* Configure USARTx_Tx as alternate function push-pull */
    GPIO_InitStructure.GPIO_Pin   = GPIO_USART_Tx_Pin;
    GPIO_InitStructure.GPIO_Speed = GPIO_Speed_50MHz;
   e:	2303      	movs	r3, #3
  10:	f88d 3006 	strb.w	r3, [sp, #6]
D:\WkPjt\MStory2.0\Mango-Z1.Firmware\Z1.Src001.HelloWorld\src/hw_config.c:73
    GPIO_InitStructure.GPIO_Mode  = GPIO_Mode_AF_PP;
    GPIO_Init(GPIO_USART, &GPIO_InitStructure);
  14:	4620      	mov	r0, r4
D:\WkPjt\MStory2.0\Mango-Z1.Firmware\Z1.Src001.HelloWorld\src/hw_config.c:72
    // UART configuration ...

    /* Configure USARTx_Tx as alternate function push-pull */
    GPIO_InitStructure.GPIO_Pin   = GPIO_USART_Tx_Pin;
    GPIO_InitStructure.GPIO_Speed = GPIO_Speed_50MHz;
    GPIO_InitStructure.GPIO_Mode  = GPIO_Mode_AF_PP;
  16:	3315      	adds	r3, #21
D:\WkPjt\MStory2.0\Mango-Z1.Firmware\Z1.Src001.HelloWorld\src/hw_config.c:73
    GPIO_Init(GPIO_USART, &GPIO_InitStructure);
  18:	4629      	mov	r1, r5
D:\WkPjt\MStory2.0\Mango-Z1.Firmware\Z1.Src001.HelloWorld\src/hw_config.c:72
    // UART configuration ...

    /* Configure USARTx_Tx as alternate function push-pull */
    GPIO_InitStructure.GPIO_Pin   = GPIO_USART_Tx_Pin;
    GPIO_InitStructure.GPIO_Speed = GPIO_Speed_50MHz;
    GPIO_InitStructure.GPIO_Mode  = GPIO_Mode_AF_PP;
  1a:	f88d 3007 	strb.w	r3, [sp, #7]
D:\WkPjt\MStory2.0\Mango-Z1.Firmware\Z1.Src001.HelloWorld\src/hw_config.c:73
    GPIO_Init(GPIO_USART, &GPIO_InitStructure);
  1e:	f7ff fffe 	bl	0 <GPIO_Init>
D:\WkPjt\MStory2.0\Mango-Z1.Firmware\Z1.Src001.HelloWorld\src/hw_config.c:76

    /* Configure USARTx_Rx as input floating */
    GPIO_InitStructure.GPIO_Pin  = GPIO_USART_Rx_Pin;
  22:	f44f 6380 	mov.w	r3, #1024	; 0x400
  26:	f8ad 3004 	strh.w	r3, [sp, #4]
D:\WkPjt\MStory2.0\Mango-Z1.Firmware\Z1.Src001.HelloWorld\src/hw_config.c:78
    GPIO_InitStructure.GPIO_Mode = GPIO_Mode_IN_FLOATING;
    GPIO_Init(GPIO_USART, &GPIO_InitStructure);
  2a:	4620      	mov	r0, r4
D:\WkPjt\MStory2.0\Mango-Z1.Firmware\Z1.Src001.HelloWorld\src/hw_config.c:77
    GPIO_InitStructure.GPIO_Mode  = GPIO_Mode_AF_PP;
    GPIO_Init(GPIO_USART, &GPIO_InitStructure);

    /* Configure USARTx_Rx as input floating */
    GPIO_InitStructure.GPIO_Pin  = GPIO_USART_Rx_Pin;
    GPIO_InitStructure.GPIO_Mode = GPIO_Mode_IN_FLOATING;
  2c:	2304      	movs	r3, #4
D:\WkPjt\MStory2.0\Mango-Z1.Firmware\Z1.Src001.HelloWorld\src/hw_config.c:78
    GPIO_Init(GPIO_USART, &GPIO_InitStructure);
  2e:	4629      	mov	r1, r5
D:\WkPjt\MStory2.0\Mango-Z1.Firmware\Z1.Src001.HelloWorld\src/hw_config.c:77
    GPIO_InitStructure.GPIO_Mode  = GPIO_Mode_AF_PP;
    GPIO_Init(GPIO_USART, &GPIO_InitStructure);

    /* Configure USARTx_Rx as input floating */
    GPIO_InitStructure.GPIO_Pin  = GPIO_USART_Rx_Pin;
    GPIO_InitStructure.GPIO_Mode = GPIO_Mode_IN_FLOATING;
  30:	f88d 3007 	strb.w	r3, [sp, #7]
D:\WkPjt\MStory2.0\Mango-Z1.Firmware\Z1.Src001.HelloWorld\src/hw_config.c:78
    GPIO_Init(GPIO_USART, &GPIO_InitStructure);
  34:	f7ff fffe 	bl	0 <GPIO_Init>
D:\WkPjt\MStory2.0\Mango-Z1.Firmware\Z1.Src001.HelloWorld\src/hw_config.c:79
}
  38:	bd3e      	pop	{r1, r2, r3, r4, r5, pc}
  3a:	46c0      	nop			(mov r8, r8)
  3c:	40010800 	.word	0x40010800
Disassembly of section .text.USART1_Init:

00000000 <USART1_Init>:
USART1_Init():
D:\WkPjt\MStory2.0\Mango-Z1.Firmware\Z1.Src001.HelloWorld\src/hw_config.c:30
 * Input  : None
 * Output : None
 * Return : None
 */
void USART1_Init(void)
{
   0:	b51f      	push	{r0, r1, r2, r3, r4, lr}
D:\WkPjt\MStory2.0\Mango-Z1.Firmware\Z1.Src001.HelloWorld\src/hw_config.c:51
    USART_InitStructure.USART_HardwareFlowControl
                                         = USART_HardwareFlowControl_None;
    USART_InitStructure.USART_Mode       = USART_Mode_Rx | USART_Mode_Tx;

    /* Configure the USARTx */ 
    USART_Init(USART1, &USART_InitStructure);
   2:	4c0d      	ldr	r4, [pc, #52]	(38 <USART1_Init+0x38>)
D:\WkPjt\MStory2.0\Mango-Z1.Firmware\Z1.Src001.HelloWorld\src/hw_config.c:42
     - One Stop Bit
     - No parity
     - Hardware flow control disabled (RTS and CTS signals)
     - Receive and transmit enabled
     */
    USART_InitStructure.USART_BaudRate   = 115200;
   4:	f44f 33e1 	mov.w	r3, #115200	; 0x1c200
   8:	9300      	str	r3, [sp, #0]
D:\WkPjt\MStory2.0\Mango-Z1.Firmware\Z1.Src001.HelloWorld\src/hw_config.c:43
    USART_InitStructure.USART_WordLength = USART_WordLength_8b;
   a:	f5a3 33e1 	sub.w	r3, r3, #115200	; 0x1c200
   e:	f8ad 3004 	strh.w	r3, [sp, #4]
D:\WkPjt\MStory2.0\Mango-Z1.Firmware\Z1.Src001.HelloWorld\src/hw_config.c:44
    USART_InitStructure.USART_StopBits   = USART_StopBits_1;
  12:	f8ad 3006 	strh.w	r3, [sp, #6]
D:\WkPjt\MStory2.0\Mango-Z1.Firmware\Z1.Src001.HelloWorld\src/hw_config.c:45
    USART_InitStructure.USART_Parity     = USART_Parity_No ;
  16:	f8ad 3008 	strh.w	r3, [sp, #8]
D:\WkPjt\MStory2.0\Mango-Z1.Firmware\Z1.Src001.HelloWorld\src/hw_config.c:46
    USART_InitStructure.USART_HardwareFlowControl
  1a:	f8ad 300c 	strh.w	r3, [sp, #12]
D:\WkPjt\MStory2.0\Mango-Z1.Firmware\Z1.Src001.HelloWorld\src/hw_config.c:51
                                         = USART_HardwareFlowControl_None;
    USART_InitStructure.USART_Mode       = USART_Mode_Rx | USART_Mode_Tx;

    /* Configure the USARTx */ 
    USART_Init(USART1, &USART_InitStructure);
  1e:	4620      	mov	r0, r4
D:\WkPjt\MStory2.0\Mango-Z1.Firmware\Z1.Src001.HelloWorld\src/hw_config.c:48
    USART_InitStructure.USART_WordLength = USART_WordLength_8b;
    USART_InitStructure.USART_StopBits   = USART_StopBits_1;
    USART_InitStructure.USART_Parity     = USART_Parity_No ;
    USART_InitStructure.USART_HardwareFlowControl
                                         = USART_HardwareFlowControl_None;
    USART_InitStructure.USART_Mode       = USART_Mode_Rx | USART_Mode_Tx;
  20:	f04f 030c 	mov.w	r3, #12	; 0xc
D:\WkPjt\MStory2.0\Mango-Z1.Firmware\Z1.Src001.HelloWorld\src/hw_config.c:51

    /* Configure the USARTx */ 
    USART_Init(USART1, &USART_InitStructure);
  24:	4669      	mov	r1, sp
D:\WkPjt\MStory2.0\Mango-Z1.Firmware\Z1.Src001.HelloWorld\src/hw_config.c:48
    USART_InitStructure.USART_WordLength = USART_WordLength_8b;
    USART_InitStructure.USART_StopBits   = USART_StopBits_1;
    USART_InitStructure.USART_Parity     = USART_Parity_No ;
    USART_InitStructure.USART_HardwareFlowControl
                                         = USART_HardwareFlowControl_None;
    USART_InitStructure.USART_Mode       = USART_Mode_Rx | USART_Mode_Tx;
  26:	f8ad 300a 	strh.w	r3, [sp, #10]
D:\WkPjt\MStory2.0\Mango-Z1.Firmware\Z1.Src001.HelloWorld\src/hw_config.c:51

    /* Configure the USARTx */ 
    USART_Init(USART1, &USART_InitStructure);
  2a:	f7ff fffe 	bl	0 <USART_Init>
D:\WkPjt\MStory2.0\Mango-Z1.Firmware\Z1.Src001.HelloWorld\src/hw_config.c:54

    /* Enable the USART1 */
    USART_Cmd(USART1, ENABLE);
  2e:	4620      	mov	r0, r4
  30:	2101      	movs	r1, #1
  32:	f7ff fffe 	bl	0 <USART_Cmd>
D:\WkPjt\MStory2.0\Mango-Z1.Firmware\Z1.Src001.HelloWorld\src/hw_config.c:55
}
  36:	bd1f      	pop	{r0, r1, r2, r3, r4, pc}
  38:	40013800 	.word	0x40013800
