
D:\WkPjt\MStory2.0\Mango-Z1.Firmware\Z1.Src006.SPI.CC2520.ID\project\RIDE\obj\main.o:     file format elf32-littlearm
D:\WkPjt\MStory2.0\Mango-Z1.Firmware\Z1.Src006.SPI.CC2520.ID\project\RIDE\obj\main.o

Disassembly of section .text.System_Information:

00000000 <System_Information>:
System_Information():
D:\WkPjt\MStory2.0\Mango-Z1.Firmware\Z1.Src006.SPI.CC2520.ID\src/main.c:21
RCC_ClocksTypeDef  rcc_clocks;

/* functions */

void System_Information()
{
   0:	b510      	push	{r4, lr}
D:\WkPjt\MStory2.0\Mango-Z1.Firmware\Z1.Src006.SPI.CC2520.ID\src/main.c:24
    DEBUG_MSG_FUNC_START;

    printf("SYSCLK_Frequency = %d\n",rcc_clocks.SYSCLK_Frequency );
   2:	4c0c      	ldr	r4, [pc, #48]	(34 <System_Information+0x34>)
D:\WkPjt\MStory2.0\Mango-Z1.Firmware\Z1.Src006.SPI.CC2520.ID\src/main.c:22

/* functions */

void System_Information()
{
    DEBUG_MSG_FUNC_START;
   4:	480c      	ldr	r0, [pc, #48]	(38 <System_Information+0x38>)
   6:	f7ff fffe 	bl	0 <DebugMsg_FunctionStart>
D:\WkPjt\MStory2.0\Mango-Z1.Firmware\Z1.Src006.SPI.CC2520.ID\src/main.c:24

    printf("SYSCLK_Frequency = %d\n",rcc_clocks.SYSCLK_Frequency );
   a:	6821      	ldr	r1, [r4, #0]
   c:	480b      	ldr	r0, [pc, #44]	(3c <System_Information+0x3c>)
   e:	f7ff fffe 	bl	0 <printf>
D:\WkPjt\MStory2.0\Mango-Z1.Firmware\Z1.Src006.SPI.CC2520.ID\src/main.c:25
    printf("HCLK_Frequency = %d\n",rcc_clocks.HCLK_Frequency );
  12:	6861      	ldr	r1, [r4, #4]
  14:	480a      	ldr	r0, [pc, #40]	(40 <System_Information+0x40>)
  16:	f7ff fffe 	bl	0 <printf>
D:\WkPjt\MStory2.0\Mango-Z1.Firmware\Z1.Src006.SPI.CC2520.ID\src/main.c:26
    printf("PCLK1_Frequency = %d\n",rcc_clocks.PCLK1_Frequency );
  1a:	68a1      	ldr	r1, [r4, #8]
  1c:	4809      	ldr	r0, [pc, #36]	(44 <System_Information+0x44>)
  1e:	f7ff fffe 	bl	0 <printf>
D:\WkPjt\MStory2.0\Mango-Z1.Firmware\Z1.Src006.SPI.CC2520.ID\src/main.c:27
    printf("PCLK2_Frequency = %d\n",rcc_clocks.PCLK2_Frequency );
  22:	68e1      	ldr	r1, [r4, #12]
  24:	4808      	ldr	r0, [pc, #32]	(48 <System_Information+0x48>)
  26:	f7ff fffe 	bl	0 <printf>
D:\WkPjt\MStory2.0\Mango-Z1.Firmware\Z1.Src006.SPI.CC2520.ID\src/main.c:28
    printf("ADCCLK_Frequency = %d\n",rcc_clocks.ADCCLK_Frequency );
  2a:	6921      	ldr	r1, [r4, #16]
  2c:	4807      	ldr	r0, [pc, #28]	(4c <System_Information+0x4c>)
  2e:	f7ff fffe 	bl	0 <printf>
D:\WkPjt\MStory2.0\Mango-Z1.Firmware\Z1.Src006.SPI.CC2520.ID\src/main.c:29
}
  32:	bd10      	pop	{r4, pc}
	...
  40:	00000017 	.word	0x00000017
  44:	0000002c 	.word	0x0000002c
  48:	00000042 	.word	0x00000042
  4c:	00000058 	.word	0x00000058
Disassembly of section .text.main:

00000000 <main>:
main():
D:\WkPjt\MStory2.0\Mango-Z1.Firmware\Z1.Src006.SPI.CC2520.ID\src/main.c:38
 * Input  : None
 * Output : None
 * Return : None
 */
int main(void)
{
   0:	b510      	push	{r4, lr}
D:\WkPjt\MStory2.0\Mango-Z1.Firmware\Z1.Src006.SPI.CC2520.ID\src/main.c:44
    uint8_t ch;

    /* System Clocks Configuration */
    RCC_Configuration();

    RCC_GetClocksFreq(&rcc_clocks);
   2:	4c30      	ldr	r4, [pc, #192]	(c4 <main+0xc4>)
D:\WkPjt\MStory2.0\Mango-Z1.Firmware\Z1.Src006.SPI.CC2520.ID\src/main.c:42
int main(void)
{
    uint8_t ch;

    /* System Clocks Configuration */
    RCC_Configuration();
   4:	f7ff fffe 	bl	0 <RCC_Configuration>
D:\WkPjt\MStory2.0\Mango-Z1.Firmware\Z1.Src006.SPI.CC2520.ID\src/main.c:44

    RCC_GetClocksFreq(&rcc_clocks);
   8:	4620      	mov	r0, r4
   a:	f7ff fffe 	bl	0 <RCC_GetClocksFreq>
D:\WkPjt\MStory2.0\Mango-Z1.Firmware\Z1.Src006.SPI.CC2520.ID\src/main.c:47

    /* NVIC configuration */
    NVIC_Configuration();
   e:	f7ff fffe 	bl	0 <NVIC_Configuration>
D:\WkPjt\MStory2.0\Mango-Z1.Firmware\Z1.Src006.SPI.CC2520.ID\src/main.c:50

    /* Configure the GPIO ports */
    GPIO_Configuration();
  12:	f7ff fffe 	bl	0 <GPIO_Configuration>
D:\WkPjt\MStory2.0\Mango-Z1.Firmware\Z1.Src006.SPI.CC2520.ID\src/main.c:53

    /* EXTI configuration */
    EXTI_Configuration();
  16:	f7ff fffe 	bl	0 <EXTI_Configuration>
D:\WkPjt\MStory2.0\Mango-Z1.Firmware\Z1.Src006.SPI.CC2520.ID\src/main.c:56

    /* UART initialization */
    USART1_Init();
  1a:	f7ff fffe 	bl	0 <USART1_Init>
SysTick_Config():
D:\WkPjt\MStory2.0\Mango-Z1.Firmware\Z1.Src006.SPI.CC2520.ID\project\RIDE\..\..\..\Libraries\CMSIS\Core\CM3/core_cm3.h:1303
 */
static __INLINE uint32_t SysTick_Config(uint32_t ticks)
{ 
  if (ticks > SYSTICK_MAXCOUNT)  return (1);                                             /* Reload value impossible */

  SysTick->LOAD  =  (ticks & SYSTICK_MAXCOUNT) - 1;                                      /* set reload register */
  1e:	6823      	ldr	r3, [r4, #0]
  20:	f44f 727a 	mov.w	r2, #1000	; 0x3e8
  24:	fbb3 f3f2 	udiv	r3, r3, r2
  28:	f023 437f 	bic.w	r3, r3, #4278190080	; 0xff000000
  2c:	4a26      	ldr	r2, [pc, #152]	(c8 <main+0xc8>)
  2e:	3b01      	subs	r3, #1
  30:	6053      	str	r3, [r2, #4]
NVIC_SetPriority():
D:\WkPjt\MStory2.0\Mango-Z1.Firmware\Z1.Src006.SPI.CC2520.ID\project\RIDE\..\..\..\Libraries\CMSIS\Core\CM3/core_cm3.h:1187
 * Note: The priority cannot be set for every core interrupt.
 */
static __INLINE void NVIC_SetPriority(IRQn_Type IRQn, uint32_t priority)
{
  if(IRQn < 0) {
    SCB->SHP[((uint32_t)(IRQn) & 0xF)-4] = ((priority << (8 - __NVIC_PRIO_BITS)) & 0xff); } /* set Priority for Cortex-M3 System Interrupts */
  32:	4b26      	ldr	r3, [pc, #152]	(cc <main+0xcc>)
  34:	f06f 010f 	mvn.w	r1, #15	; 0xf
  38:	f883 1023 	strb.w	r1, [r3, #35]
SysTick_Config():
D:\WkPjt\MStory2.0\Mango-Z1.Firmware\Z1.Src006.SPI.CC2520.ID\project\RIDE\..\..\..\Libraries\CMSIS\Core\CM3/core_cm3.h:1305
{ 
  if (ticks > SYSTICK_MAXCOUNT)  return (1);                                             /* Reload value impossible */

  SysTick->LOAD  =  (ticks & SYSTICK_MAXCOUNT) - 1;                                      /* set reload register */
  NVIC_SetPriority (SysTick_IRQn, (1<<__NVIC_PRIO_BITS) - 1);                            /* set Priority for Cortex-M0 System Interrupts */
  SysTick->VAL   =  (0x00);                                                              /* Load the SysTick Counter Value */
  3c:	2300      	movs	r3, #0
  3e:	6093      	str	r3, [r2, #8]
D:\WkPjt\MStory2.0\Mango-Z1.Firmware\Z1.Src006.SPI.CC2520.ID\project\RIDE\..\..\..\Libraries\CMSIS\Core\CM3/core_cm3.h:1306
  SysTick->CTRL = (1 << SYSTICK_CLKSOURCE) | (1<<SYSTICK_ENABLE) | (1<<SYSTICK_TICKINT); /* Enable SysTick IRQ and SysTick Timer */
  40:	3307      	adds	r3, #7
  42:	6013      	str	r3, [r2, #0]
main():
D:\WkPjt\MStory2.0\Mango-Z1.Firmware\Z1.Src006.SPI.CC2520.ID\src/main.c:65
    { 
        /* Capture error */ 
        while (1);
    }

    printf("Mango Z1 test start...\n\n");
  44:	4822      	ldr	r0, [pc, #136]	(d0 <main+0xd0>)
  46:	f7ff fffe 	bl	0 <puts>
D:\WkPjt\MStory2.0\Mango-Z1.Firmware\Z1.Src006.SPI.CC2520.ID\src/main.c:69

    while(1)
    {
        printf("\n---------------------\n");
  4a:	4822      	ldr	r0, [pc, #136]	(8c <puts+0x8c>)
  4c:	f7ff fffe 	bl	0 <puts>
D:\WkPjt\MStory2.0\Mango-Z1.Firmware\Z1.Src006.SPI.CC2520.ID\src/main.c:70
        printf("Press menu key\n");
  50:	4821      	ldr	r0, [pc, #132]	(88 <puts+0x88>)
  52:	f7ff fffe 	bl	0 <puts>
D:\WkPjt\MStory2.0\Mango-Z1.Firmware\Z1.Src006.SPI.CC2520.ID\src/main.c:71
        printf("---------------------\n");
  56:	4821      	ldr	r0, [pc, #132]	(88 <puts+0x88>)
  58:	f7ff fffe 	bl	0 <puts>
D:\WkPjt\MStory2.0\Mango-Z1.Firmware\Z1.Src006.SPI.CC2520.ID\src/main.c:72
        printf("0> System Information\n");
  5c:	4820      	ldr	r0, [pc, #128]	(84 <puts+0x84>)
  5e:	f7ff fffe 	bl	0 <puts>
D:\WkPjt\MStory2.0\Mango-Z1.Firmware\Z1.Src006.SPI.CC2520.ID\src/main.c:73
        printf("---------------------\n");
  62:	481e      	ldr	r0, [pc, #120]	(7c <puts+0x7c>)
  64:	f7ff fffe 	bl	0 <puts>
D:\WkPjt\MStory2.0\Mango-Z1.Firmware\Z1.Src006.SPI.CC2520.ID\src/main.c:74
        printf("1> LED Test\n");
  68:	481e      	ldr	r0, [pc, #120]	(7c <puts+0x7c>)
  6a:	f7ff fffe 	bl	0 <puts>
D:\WkPjt\MStory2.0\Mango-Z1.Firmware\Z1.Src006.SPI.CC2520.ID\src/main.c:75
        printf("2> KEY Test\n");
  6e:	481e      	ldr	r0, [pc, #120]	(7c <puts+0x7c>)
  70:	f7ff fffe 	bl	0 <puts>
D:\WkPjt\MStory2.0\Mango-Z1.Firmware\Z1.Src006.SPI.CC2520.ID\src/main.c:76
        printf("3> ZigBee Test\n");
  74:	481d      	ldr	r0, [pc, #116]	(78 <puts+0x78>)
  76:	f7ff fffe 	bl	0 <puts>
D:\WkPjt\MStory2.0\Mango-Z1.Firmware\Z1.Src006.SPI.CC2520.ID\src/main.c:77
        printf("---------------------\n");
  7a:	4818      	ldr	r0, [pc, #96]	(64 <puts+0x64>)
  7c:	f7ff fffe 	bl	0 <puts>
D:\WkPjt\MStory2.0\Mango-Z1.Firmware\Z1.Src006.SPI.CC2520.ID\src/main.c:78
        printf("x> quit\n\n");
  80:	481b      	ldr	r0, [pc, #108]	(70 <puts+0x70>)
  82:	f7ff fffe 	bl	0 <puts>
D:\WkPjt\MStory2.0\Mango-Z1.Firmware\Z1.Src006.SPI.CC2520.ID\src/main.c:80

        ch = USART_GetCharacter(USART1);
  86:	481b      	ldr	r0, [pc, #108]	(70 <USART_GetCharacter+0x70>)
  88:	f7ff fffe 	bl	0 <USART_GetCharacter>
  8c:	4604      	mov	r4, r0
D:\WkPjt\MStory2.0\Mango-Z1.Firmware\Z1.Src006.SPI.CC2520.ID\src/main.c:81
        printf(" is selected\n\n");
  8e:	481a      	ldr	r0, [pc, #104]	(f8 <main+0xf8>)
  90:	f7ff fffe 	bl	0 <puts>
D:\WkPjt\MStory2.0\Mango-Z1.Firmware\Z1.Src006.SPI.CC2520.ID\src/main.c:83

        switch((char)ch)
  94:	b263      	sxtb	r3, r4
  96:	3b30      	subs	r3, #48
  98:	2b03      	cmp	r3, #3
  9a:	d80e      	bhi.n	ba <main+0xba>
  9c:	e8df f003 	tbb	[pc, r3]
  a0:	0b080502 	.word	0x0b080502
D:\WkPjt\MStory2.0\Mango-Z1.Firmware\Z1.Src006.SPI.CC2520.ID\src/main.c:86
        {
        case '0':
            System_Information();
  a4:	f7ff fffe 	bl	0 <main>
  a8:	e007      	b.n	12 <LED_Test+0x12>
D:\WkPjt\MStory2.0\Mango-Z1.Firmware\Z1.Src006.SPI.CC2520.ID\src/main.c:90
            break;

        case '1':
            LED_Test();
  aa:	f7ff fffe 	bl	0 <LED_Test>
  ae:	e004      	b.n	c <KEY_Test+0xc>
D:\WkPjt\MStory2.0\Mango-Z1.Firmware\Z1.Src006.SPI.CC2520.ID\src/main.c:94
            break;

        case '2':
            KEY_Test();
  b0:	f7ff fffe 	bl	0 <KEY_Test>
  b4:	e001      	b.n	6 <ZigBee_Test+0x6>
D:\WkPjt\MStory2.0\Mango-Z1.Firmware\Z1.Src006.SPI.CC2520.ID\src/main.c:98
            break;

        case '3':
            ZigBee_Test();
  b6:	f7ff fffe 	bl	0 <ZigBee_Test>
D:\WkPjt\MStory2.0\Mango-Z1.Firmware\Z1.Src006.SPI.CC2520.ID\src/main.c:102
            break;
        }

        if('x' == (char)ch)
  ba:	2c78      	cmp	r4, #120
  bc:	d1c5      	bne.n	4a <main+0x4a>
D:\WkPjt\MStory2.0\Mango-Z1.Firmware\Z1.Src006.SPI.CC2520.ID\src/main.c:109
            break;
        }
    }

    return 0;
}
  be:	2000      	movs	r0, #0
  c0:	bd10      	pop	{r4, pc}
  c2:	46c0      	nop			(mov r8, r8)
  c4:	00000000 	.word	0x00000000
  c8:	e000e010 	.word	0xe000e010
  cc:	e000ed00 	.word	0xe000ed00
  d0:	0000006f 	.word	0x0000006f
  d4:	00000087 	.word	0x00000087
  d8:	0000009e 	.word	0x0000009e
  dc:	000000ad 	.word	0x000000ad
  e0:	000000c3 	.word	0x000000c3
  e4:	000000d9 	.word	0x000000d9
  e8:	000000e5 	.word	0x000000e5
  ec:	000000f1 	.word	0x000000f1
  f0:	00000100 	.word	0x00000100
  f4:	40013800 	.word	0x40013800
  f8:	00000109 	.word	0x00000109
