
D:\WkPjt\MStory2.0\Mango-M32.Firmware\M32.Src005.LedAllOnOff\project\RIDE\obj\main.o:     file format elf32-littlearm
D:\WkPjt\MStory2.0\Mango-M32.Firmware\M32.Src005.LedAllOnOff\project\RIDE\obj\main.o

Disassembly of section .text.delay_1_second:

00000000 <delay_1_second>:
delay_1_second():
D:\WkPjt\MStory2.0\Mango-M32.Firmware\M32.Src005.LedAllOnOff\src/main.c:17
    for(; nTime > 0; nTime--);
}

void delay_1_second(void)
{
    delay_int_count(806596);
   0:	4b02      	ldr	r3, [pc, #8]	(c <delay_1_second+0xc>)
   2:	e000      	b.n	6 <delay_1_second+0x6>
delay_int_count():
D:\WkPjt\MStory2.0\Mango-M32.Firmware\M32.Src005.LedAllOnOff\src/main.c:12
 * Date      : 08/12/2009
 */

static void delay_int_count(volatile unsigned int nTime)
{
    for(; nTime > 0; nTime--);
   4:	3b01      	subs	r3, #1
   6:	2b00      	cmp	r3, #0
   8:	d1fc      	bne.n	4 <delay_1_second+0x4>
delay_1_second():
D:\WkPjt\MStory2.0\Mango-M32.Firmware\M32.Src005.LedAllOnOff\src/main.c:18
}

void delay_1_second(void)
{
    delay_int_count(806596);
}
   a:	4770      	bx	lr
   c:	000c4ec4 	.word	0x000c4ec4
Disassembly of section .text.main:

00000000 <main>:
main():
D:\WkPjt\MStory2.0\Mango-M32.Firmware\M32.Src005.LedAllOnOff\src/main.c:30
 */
int main(void)
{
    int i;

    (*(volatile unsigned *)0x40021018) |= 0x8;
   0:	4a21      	ldr	r2, [pc, #132]	(88 <main+0x88>)
D:\WkPjt\MStory2.0\Mango-M32.Firmware\M32.Src005.LedAllOnOff\src/main.c:27
 * Input  : None
 * Output : None
 * Return : None
 */
int main(void)
{
   2:	b570      	push	{r4, r5, r6, lr}
D:\WkPjt\MStory2.0\Mango-M32.Firmware\M32.Src005.LedAllOnOff\src/main.c:30
    int i;

    (*(volatile unsigned *)0x40021018) |= 0x8;
   4:	6813      	ldr	r3, [r2, #0]
D:\WkPjt\MStory2.0\Mango-M32.Firmware\M32.Src005.LedAllOnOff\src/main.c:42
    (*(volatile unsigned *)0x40010C04) &= 0xFFFFFF00;
    (*(volatile unsigned *)0x40010C04) |= 0x10;
    (*(volatile unsigned *)0x40010C04) |= 0x1;


    (*(volatile unsigned *)0x40010C14) |= 0x200;
   6:	4d21      	ldr	r5, [pc, #132]	(8c <main+0x8c>)
D:\WkPjt\MStory2.0\Mango-M32.Firmware\M32.Src005.LedAllOnOff\src/main.c:30
 */
int main(void)
{
    int i;

    (*(volatile unsigned *)0x40021018) |= 0x8;
   8:	f043 0308 	orr.w	r3, r3, #8	; 0x8
   c:	6013      	str	r3, [r2, #0]
D:\WkPjt\MStory2.0\Mango-M32.Firmware\M32.Src005.LedAllOnOff\src/main.c:33

    // PIN #5 setting ...
    (*(volatile unsigned *)0x40010C00) &= 0xFF0FFFFF;
   e:	4a20      	ldr	r2, [pc, #128]	(90 <main+0x90>)
D:\WkPjt\MStory2.0\Mango-M32.Firmware\M32.Src005.LedAllOnOff\src/main.c:44
    (*(volatile unsigned *)0x40010C04) |= 0x1;


    (*(volatile unsigned *)0x40010C14) |= 0x200;
    delay_1_second();
    (*(volatile unsigned *)0x40010C10) |= 0x200;
  10:	4c20      	ldr	r4, [pc, #128]	(94 <main+0x94>)
D:\WkPjt\MStory2.0\Mango-M32.Firmware\M32.Src005.LedAllOnOff\src/main.c:33
    int i;

    (*(volatile unsigned *)0x40021018) |= 0x8;

    // PIN #5 setting ...
    (*(volatile unsigned *)0x40010C00) &= 0xFF0FFFFF;
  12:	6813      	ldr	r3, [r2, #0]
  14:	f423 0370 	bic.w	r3, r3, #15728640	; 0xf00000
  18:	6013      	str	r3, [r2, #0]
D:\WkPjt\MStory2.0\Mango-M32.Firmware\M32.Src005.LedAllOnOff\src/main.c:34
    (*(volatile unsigned *)0x40010C00) |= 0x100000;
  1a:	6813      	ldr	r3, [r2, #0]
  1c:	f443 1380 	orr.w	r3, r3, #1048576	; 0x100000
  20:	6013      	str	r3, [r2, #0]
D:\WkPjt\MStory2.0\Mango-M32.Firmware\M32.Src005.LedAllOnOff\src/main.c:37

    // PIN #9 & #8 setting ...
    (*(volatile unsigned *)0x40010C04) &= 0xFFFFFF00;
  22:	3204      	adds	r2, #4
  24:	6813      	ldr	r3, [r2, #0]
  26:	f023 03ff 	bic.w	r3, r3, #255	; 0xff
  2a:	6013      	str	r3, [r2, #0]
D:\WkPjt\MStory2.0\Mango-M32.Firmware\M32.Src005.LedAllOnOff\src/main.c:38
    (*(volatile unsigned *)0x40010C04) |= 0x10;
  2c:	6813      	ldr	r3, [r2, #0]
  2e:	f043 0310 	orr.w	r3, r3, #16	; 0x10
  32:	6013      	str	r3, [r2, #0]
D:\WkPjt\MStory2.0\Mango-M32.Firmware\M32.Src005.LedAllOnOff\src/main.c:39
    (*(volatile unsigned *)0x40010C04) |= 0x1;
  34:	6813      	ldr	r3, [r2, #0]
  36:	f043 0301 	orr.w	r3, r3, #1	; 0x1
  3a:	6013      	str	r3, [r2, #0]
D:\WkPjt\MStory2.0\Mango-M32.Firmware\M32.Src005.LedAllOnOff\src/main.c:42


    (*(volatile unsigned *)0x40010C14) |= 0x200;
  3c:	682b      	ldr	r3, [r5, #0]
  3e:	f443 7300 	orr.w	r3, r3, #512	; 0x200
  42:	602b      	str	r3, [r5, #0]
D:\WkPjt\MStory2.0\Mango-M32.Firmware\M32.Src005.LedAllOnOff\src/main.c:43
    delay_1_second();
  44:	f7ff fffe 	bl	0 <main>
D:\WkPjt\MStory2.0\Mango-M32.Firmware\M32.Src005.LedAllOnOff\src/main.c:44
    (*(volatile unsigned *)0x40010C10) |= 0x200;
  48:	6823      	ldr	r3, [r4, #0]
  4a:	f443 7300 	orr.w	r3, r3, #512	; 0x200
  4e:	6023      	str	r3, [r4, #0]
D:\WkPjt\MStory2.0\Mango-M32.Firmware\M32.Src005.LedAllOnOff\src/main.c:45
    delay_1_second();
  50:	f7ff fffe 	bl	0 <main>
D:\WkPjt\MStory2.0\Mango-M32.Firmware\M32.Src005.LedAllOnOff\src/main.c:46
    (*(volatile unsigned *)0x40010C14) |= 0x100;
  54:	682b      	ldr	r3, [r5, #0]
  56:	f443 7380 	orr.w	r3, r3, #256	; 0x100
  5a:	602b      	str	r3, [r5, #0]
D:\WkPjt\MStory2.0\Mango-M32.Firmware\M32.Src005.LedAllOnOff\src/main.c:47
    delay_1_second();
  5c:	f7ff fffe 	bl	0 <main>
D:\WkPjt\MStory2.0\Mango-M32.Firmware\M32.Src005.LedAllOnOff\src/main.c:48
    (*(volatile unsigned *)0x40010C10) |= 0x100;
  60:	6823      	ldr	r3, [r4, #0]
  62:	f443 7380 	orr.w	r3, r3, #256	; 0x100
  66:	6023      	str	r3, [r4, #0]
D:\WkPjt\MStory2.0\Mango-M32.Firmware\M32.Src005.LedAllOnOff\src/main.c:49
    delay_1_second();
  68:	f7ff fffe 	bl	0 <main>
D:\WkPjt\MStory2.0\Mango-M32.Firmware\M32.Src005.LedAllOnOff\src/main.c:50
    (*(volatile unsigned *)0x40010C14) |= 0x20;
  6c:	682b      	ldr	r3, [r5, #0]
  6e:	f043 0320 	orr.w	r3, r3, #32	; 0x20
  72:	602b      	str	r3, [r5, #0]
D:\WkPjt\MStory2.0\Mango-M32.Firmware\M32.Src005.LedAllOnOff\src/main.c:51
    delay_1_second();
  74:	f7ff fffe 	bl	0 <main>
D:\WkPjt\MStory2.0\Mango-M32.Firmware\M32.Src005.LedAllOnOff\src/main.c:52
    (*(volatile unsigned *)0x40010C10) |= 0x20;
  78:	6823      	ldr	r3, [r4, #0]
  7a:	f043 0320 	orr.w	r3, r3, #32	; 0x20
  7e:	6023      	str	r3, [r4, #0]
D:\WkPjt\MStory2.0\Mango-M32.Firmware\M32.Src005.LedAllOnOff\src/main.c:53
    delay_1_second();
  80:	f7ff fffe 	bl	0 <main>
  84:	e7fe      	b.n	84 <main+0x84>
  86:	46c0      	nop			(mov r8, r8)
  88:	40021018 	.word	0x40021018
  8c:	40010c14 	.word	0x40010c14
  90:	40010c00 	.word	0x40010c00
  94:	40010c10 	.word	0x40010c10
