
D:\WkPjt\MStory2.0\Mango-M32.Firmware\M32.Src012.7_Segment\project\RIDE\obj\key.o:     file format elf32-littlearm
D:\WkPjt\MStory2.0\Mango-M32.Firmware\M32.Src012.7_Segment\project\RIDE\obj\key.o

Disassembly of section .text.GPIO_ReadInputDataBit:

00000000 <GPIO_ReadInputDataBit>:
GPIO_ReadInputDataBit():
D:\WkPjt\MStory2.0\Mango-M32.Firmware\M32.Src012.7_Segment\src/key.c:20

uint8_t GPIO_ReadInputDataBit(GPIO_TypeDef* GPIOx, uint16_t GPIO_Pin)
{
    uint8_t bitstatus = 0x00;

    if ((GPIOx->IDR & GPIO_Pin) != (uint32_t)Bit_RESET)
   0:	6883      	ldr	r3, [r0, #8]
   2:	4219      	tst	r1, r3
D:\WkPjt\MStory2.0\Mango-M32.Firmware\M32.Src012.7_Segment\src/key.c:29
    else
    {
        bitstatus = (uint8_t)Bit_RESET;
    }
    return bitstatus;
}
   4:	bf0c      	ite	eq
   6:	2000      	moveq	r0, #0
   8:	2001      	movne	r0, #1
   a:	4770      	bx	lr
Disassembly of section .text.KEY_Test:

00000000 <KEY_Test>:
KEY_Test():
D:\WkPjt\MStory2.0\Mango-M32.Firmware\M32.Src012.7_Segment\src/key.c:43
void LED_On_All (void);
void LED_Off_All (void);
*/

void KEY_Test (void)
{
   0:	b510      	push	{r4, lr}
D:\WkPjt\MStory2.0\Mango-M32.Firmware\M32.Src012.7_Segment\src/key.c:46
    uint32_t i = 0;

    LED_Off_All();
   2:	f7ff fffe 	bl	0 <LED_Off_All>
   6:	2400      	movs	r4, #0
D:\WkPjt\MStory2.0\Mango-M32.Firmware\M32.Src012.7_Segment\src/key.c:50

    while(1)
    {
        delay_100_milli_second();
   8:	f7ff fffe 	bl	0 <delay_100_milli_second>
D:\WkPjt\MStory2.0\Mango-M32.Firmware\M32.Src012.7_Segment\src/key.c:52

        if((i++ & 0x1) == 0x0)
   c:	f004 0301 	and.w	r3, r4, #1	; 0x1
  10:	3401      	adds	r4, #1
  12:	b913      	cbnz	r3, 1a <KEY_Test+0x1a>
D:\WkPjt\MStory2.0\Mango-M32.Firmware\M32.Src012.7_Segment\src/key.c:54
        {
            LED_On_Blue();
  14:	f7ff fffe 	bl	0 <LED_On_Blue>
  18:	e001      	b.n	6 <LED_Off_Blue+0x6>
D:\WkPjt\MStory2.0\Mango-M32.Firmware\M32.Src012.7_Segment\src/key.c:58
        }
        else
        {
            LED_Off_Blue();
  1a:	f7ff fffe 	bl	0 <LED_Off_Blue>
D:\WkPjt\MStory2.0\Mango-M32.Firmware\M32.Src012.7_Segment\src/key.c:61
        }

        if(GPIO_ReadInputDataBit(GPIO_KEY, GPIO_KEY1_PIN) == Bit_SET)
  1e:	2101      	movs	r1, #1
  20:	480a      	ldr	r0, [pc, #40]	(4c <KEY_Test+0x4c>)
  22:	f7ff fffe 	bl	0 <KEY_Test>
  26:	2801      	cmp	r0, #1
  28:	d102      	bne.n	30 <KEY_Test+0x30>
D:\WkPjt\MStory2.0\Mango-M32.Firmware\M32.Src012.7_Segment\src/key.c:63
        {
            LED_On_Red();
  2a:	f7ff fffe 	bl	0 <LED_On_Red>
  2e:	e001      	b.n	6 <LED_Off_Red+0x6>
D:\WkPjt\MStory2.0\Mango-M32.Firmware\M32.Src012.7_Segment\src/key.c:67
        }
        else
        {
            LED_Off_Red();
  30:	f7ff fffe 	bl	0 <LED_Off_Red>
D:\WkPjt\MStory2.0\Mango-M32.Firmware\M32.Src012.7_Segment\src/key.c:70
        }

        if(GPIO_ReadInputDataBit(GPIO_KEY, GPIO_KEY2_PIN) == Bit_SET)
  34:	2102      	movs	r1, #2
  36:	4805      	ldr	r0, [pc, #20]	(4c <KEY_Test+0x4c>)
  38:	f7ff fffe 	bl	0 <KEY_Test>
  3c:	2801      	cmp	r0, #1
  3e:	d102      	bne.n	46 <KEY_Test+0x46>
D:\WkPjt\MStory2.0\Mango-M32.Firmware\M32.Src012.7_Segment\src/key.c:72
        {
            LED_On_Yellow();
  40:	f7ff fffe 	bl	0 <LED_On_Yellow>
  44:	e7e0      	b.n	ffffffc4 <LED_Off_Yellow+0xffffffc4>
D:\WkPjt\MStory2.0\Mango-M32.Firmware\M32.Src012.7_Segment\src/key.c:76
        }
        else
        {
            LED_Off_Yellow();
  46:	f7ff fffe 	bl	0 <LED_Off_Yellow>
  4a:	e7dd      	b.n	8 <LED_Off_Yellow+0x8>
  4c:	40010800 	.word	0x40010800
