
D:\WkPjt\MStory2.0\Mango-Z1.Firmware\Z1.Src003.ClockControl\project\RIDE\obj\main.o:     file format elf32-littlearm
D:\WkPjt\MStory2.0\Mango-Z1.Firmware\Z1.Src003.ClockControl\project\RIDE\obj\main.o

Disassembly of section .text.delay_int_count:

00000000 <delay_int_count>:
delay_int_count():
D:\WkPjt\MStory2.0\Mango-Z1.Firmware\Z1.Src003.ClockControl\src/main.c:17
#include "hw_config.h"

/* functions */

static void delay_int_count(volatile unsigned int nTime)
{
   0:	b082      	sub	sp, #8
   2:	9001      	str	r0, [sp, #4]
   4:	e002      	b.n	c <delay_int_count+0xc>
D:\WkPjt\MStory2.0\Mango-Z1.Firmware\Z1.Src003.ClockControl\src/main.c:18
    for(; nTime > 0; nTime--);
   6:	9b01      	ldr	r3, [sp, #4]
   8:	3b01      	subs	r3, #1
   a:	9301      	str	r3, [sp, #4]
   c:	9b01      	ldr	r3, [sp, #4]
   e:	2b00      	cmp	r3, #0
  10:	d1f9      	bne.n	6 <delay_int_count+0x6>
D:\WkPjt\MStory2.0\Mango-Z1.Firmware\Z1.Src003.ClockControl\src/main.c:19
}
  12:	b002      	add	sp, #8
  14:	4770      	bx	lr
  16:	46c0      	nop			(mov r8, r8)
Disassembly of section .text.delay_1_second:

00000000 <delay_1_second>:
delay_1_second():
D:\WkPjt\MStory2.0\Mango-Z1.Firmware\Z1.Src003.ClockControl\src/main.c:22

void delay_1_second(void)
{
   0:	b510      	push	{r4, lr}
D:\WkPjt\MStory2.0\Mango-Z1.Firmware\Z1.Src003.ClockControl\src/main.c:23
    delay_int_count(806596);
   2:	4802      	ldr	r0, [pc, #8]	(c <delay_1_second+0xc>)
   4:	f7ff fffe 	bl	0 <delay_1_second>
D:\WkPjt\MStory2.0\Mango-Z1.Firmware\Z1.Src003.ClockControl\src/main.c:24
}
   8:	bd10      	pop	{r4, pc}
   a:	46c0      	nop			(mov r8, r8)
   c:	000c4ec4 	.word	0x000c4ec4
Disassembly of section .text.delay_100_milli_second:

00000000 <delay_100_milli_second>:
delay_100_milli_second():
D:\WkPjt\MStory2.0\Mango-Z1.Firmware\Z1.Src003.ClockControl\src/main.c:27

void delay_100_milli_second(void)
{
   0:	b510      	push	{r4, lr}
D:\WkPjt\MStory2.0\Mango-Z1.Firmware\Z1.Src003.ClockControl\src/main.c:28
    delay_int_count(80660);
   2:	4802      	ldr	r0, [pc, #8]	(c <delay_100_milli_second+0xc>)
   4:	f7ff fffe 	bl	0 <delay_100_milli_second>
D:\WkPjt\MStory2.0\Mango-Z1.Firmware\Z1.Src003.ClockControl\src/main.c:29
}
   8:	bd10      	pop	{r4, pc}
   a:	46c0      	nop			(mov r8, r8)
   c:	00013b14 	.word	0x00013b14
Disassembly of section .text.System_Information:

00000000 <System_Information>:
System_Information():
D:\WkPjt\MStory2.0\Mango-Z1.Firmware\Z1.Src003.ClockControl\src/main.c:32

void System_Information()
{
   0:	b57f      	push	{r0, r1, r2, r3, r4, r5, r6, lr}
D:\WkPjt\MStory2.0\Mango-Z1.Firmware\Z1.Src003.ClockControl\src/main.c:33
    DEBUG_MSG_FUNC_START;
   2:	4810      	ldr	r0, [pc, #64]	(44 <System_Information+0x44>)
   4:	f7ff fffe 	bl	0 <DebugMsg_FunctionStart>
D:\WkPjt\MStory2.0\Mango-Z1.Firmware\Z1.Src003.ClockControl\src/main.c:37

    RCC_ClocksTypeDef  rcc_clocks;

    printf("RCC->CFGR : 0x%0X\n", RCC->CFGR);
   8:	4b0f      	ldr	r3, [pc, #60]	(48 <System_Information+0x48>)
   a:	4810      	ldr	r0, [pc, #64]	(4c <System_Information+0x4c>)
   c:	6859      	ldr	r1, [r3, #4]
   e:	f7ff fffe 	bl	0 <printf>
D:\WkPjt\MStory2.0\Mango-Z1.Firmware\Z1.Src003.ClockControl\src/main.c:39

    RCC_GetClocksFreq(&rcc_clocks);
  12:	a801      	add	r0, sp, #4
  14:	f7ff fffe 	bl	0 <RCC_GetClocksFreq>
D:\WkPjt\MStory2.0\Mango-Z1.Firmware\Z1.Src003.ClockControl\src/main.c:40
    printf("SYSCLK_Frequency = %d\n",rcc_clocks.SYSCLK_Frequency );
  18:	9901      	ldr	r1, [sp, #4]
  1a:	480d      	ldr	r0, [pc, #52]	(50 <System_Information+0x50>)
  1c:	f7ff fffe 	bl	0 <printf>
D:\WkPjt\MStory2.0\Mango-Z1.Firmware\Z1.Src003.ClockControl\src/main.c:41
    printf("HCLK_Frequency = %d\n",rcc_clocks.HCLK_Frequency );
  20:	9902      	ldr	r1, [sp, #8]
  22:	480c      	ldr	r0, [pc, #48]	(54 <System_Information+0x54>)
  24:	f7ff fffe 	bl	0 <printf>
D:\WkPjt\MStory2.0\Mango-Z1.Firmware\Z1.Src003.ClockControl\src/main.c:42
    printf("PCLK1_Frequency = %d\n",rcc_clocks.PCLK1_Frequency );
  28:	9903      	ldr	r1, [sp, #12]
  2a:	480b      	ldr	r0, [pc, #44]	(58 <System_Information+0x58>)
  2c:	f7ff fffe 	bl	0 <printf>
D:\WkPjt\MStory2.0\Mango-Z1.Firmware\Z1.Src003.ClockControl\src/main.c:43
    printf("PCLK2_Frequency = %d\n",rcc_clocks.PCLK2_Frequency );
  30:	9904      	ldr	r1, [sp, #16]
  32:	480a      	ldr	r0, [pc, #40]	(5c <System_Information+0x5c>)
  34:	f7ff fffe 	bl	0 <printf>
D:\WkPjt\MStory2.0\Mango-Z1.Firmware\Z1.Src003.ClockControl\src/main.c:44
    printf("ADCCLK_Frequency = %d\n",rcc_clocks.ADCCLK_Frequency );
  38:	9905      	ldr	r1, [sp, #20]
  3a:	4809      	ldr	r0, [pc, #36]	(60 <System_Information+0x60>)
  3c:	f7ff fffe 	bl	0 <printf>
D:\WkPjt\MStory2.0\Mango-Z1.Firmware\Z1.Src003.ClockControl\src/main.c:45
}
  40:	b007      	add	sp, #28
  42:	bd00      	pop	{pc}
  44:	00000000 	.word	0x00000000
  48:	40021000 	.word	0x40021000
  4c:	00000000 	.word	0x00000000
  50:	00000013 	.word	0x00000013
  54:	0000002a 	.word	0x0000002a
  58:	0000003f 	.word	0x0000003f
  5c:	00000055 	.word	0x00000055
  60:	0000006b 	.word	0x0000006b
Disassembly of section .text.main:

00000000 <main>:
main():
D:\WkPjt\MStory2.0\Mango-Z1.Firmware\Z1.Src003.ClockControl\src/main.c:54
 * Input  : None
 * Output : None
 * Return : None
 */
int main(void)
{
   0:	b510      	push	{r4, lr}
D:\WkPjt\MStory2.0\Mango-Z1.Firmware\Z1.Src003.ClockControl\src/main.c:58
    uint8_t ch;

    /* System Clocks Configuration */
    RCC_Configuration();
   2:	f7ff fffe 	bl	0 <RCC_Configuration>
D:\WkPjt\MStory2.0\Mango-Z1.Firmware\Z1.Src003.ClockControl\src/main.c:61

    /* Configure the GPIO ports */
    GPIO_Configuration();
   6:	f7ff fffe 	bl	0 <GPIO_Configuration>
D:\WkPjt\MStory2.0\Mango-Z1.Firmware\Z1.Src003.ClockControl\src/main.c:64

    /* UART initialization */
    USART1_Init();
   a:	f7ff fffe 	bl	0 <USART1_Init>
D:\WkPjt\MStory2.0\Mango-Z1.Firmware\Z1.Src003.ClockControl\src/main.c:66

    delay_1_second();
   e:	f7ff fffe 	bl	0 <main>
D:\WkPjt\MStory2.0\Mango-Z1.Firmware\Z1.Src003.ClockControl\src/main.c:68

    printf("Mango Z1 test start...\n\n");
  12:	481c      	ldr	r0, [pc, #112]	(74 <puts+0x74>)
  14:	f7ff fffe 	bl	0 <puts>
D:\WkPjt\MStory2.0\Mango-Z1.Firmware\Z1.Src003.ClockControl\src/main.c:72

    while(1)
    {
        printf("\n---------------------\n");
  18:	481b      	ldr	r0, [pc, #108]	(70 <puts+0x70>)
  1a:	f7ff fffe 	bl	0 <puts>
D:\WkPjt\MStory2.0\Mango-Z1.Firmware\Z1.Src003.ClockControl\src/main.c:73
        printf("Press menu key\n");
  1e:	481b      	ldr	r0, [pc, #108]	(70 <puts+0x70>)
  20:	f7ff fffe 	bl	0 <puts>
D:\WkPjt\MStory2.0\Mango-Z1.Firmware\Z1.Src003.ClockControl\src/main.c:74
        printf("---------------------\n");
  24:	481a      	ldr	r0, [pc, #104]	(6c <puts+0x6c>)
  26:	f7ff fffe 	bl	0 <puts>
D:\WkPjt\MStory2.0\Mango-Z1.Firmware\Z1.Src003.ClockControl\src/main.c:75
        printf("0> System Information\n");
  2a:	481a      	ldr	r0, [pc, #104]	(6c <puts+0x6c>)
  2c:	f7ff fffe 	bl	0 <puts>
D:\WkPjt\MStory2.0\Mango-Z1.Firmware\Z1.Src003.ClockControl\src/main.c:76
        printf("---------------------\n");
  30:	4817      	ldr	r0, [pc, #92]	(60 <puts+0x60>)
  32:	f7ff fffe 	bl	0 <puts>
D:\WkPjt\MStory2.0\Mango-Z1.Firmware\Z1.Src003.ClockControl\src/main.c:77
        printf("1> LED Test\n");
  36:	4818      	ldr	r0, [pc, #96]	(64 <puts+0x64>)
  38:	f7ff fffe 	bl	0 <puts>
D:\WkPjt\MStory2.0\Mango-Z1.Firmware\Z1.Src003.ClockControl\src/main.c:78
        printf("2> KEY Test\n");
  3c:	4817      	ldr	r0, [pc, #92]	(60 <puts+0x60>)
  3e:	f7ff fffe 	bl	0 <puts>
D:\WkPjt\MStory2.0\Mango-Z1.Firmware\Z1.Src003.ClockControl\src/main.c:79
        printf("---------------------\n");
  42:	4813      	ldr	r0, [pc, #76]	(50 <puts+0x50>)
  44:	f7ff fffe 	bl	0 <puts>
D:\WkPjt\MStory2.0\Mango-Z1.Firmware\Z1.Src003.ClockControl\src/main.c:80
        printf("x> quit\n\n");
  48:	4815      	ldr	r0, [pc, #84]	(58 <puts+0x58>)
  4a:	f7ff fffe 	bl	0 <puts>
D:\WkPjt\MStory2.0\Mango-Z1.Firmware\Z1.Src003.ClockControl\src/main.c:82

        ch = USART_GetCharacter(USART1);
  4e:	4815      	ldr	r0, [pc, #84]	(58 <USART_GetCharacter+0x58>)
  50:	f7ff fffe 	bl	0 <USART_GetCharacter>
  54:	4604      	mov	r4, r0
D:\WkPjt\MStory2.0\Mango-Z1.Firmware\Z1.Src003.ClockControl\src/main.c:83
        printf(" is selected\n\n");
  56:	4814      	ldr	r0, [pc, #80]	(a8 <main+0xa8>)
  58:	f7ff fffe 	bl	0 <puts>
D:\WkPjt\MStory2.0\Mango-Z1.Firmware\Z1.Src003.ClockControl\src/main.c:85

        switch((char)ch)
  5c:	b263      	sxtb	r3, r4
  5e:	2b31      	cmp	r3, #49
  60:	d006      	beq.n	70 <main+0x70>
  62:	2b32      	cmp	r3, #50
  64:	d007      	beq.n	76 <main+0x76>
  66:	2b30      	cmp	r3, #48
  68:	d107      	bne.n	7a <main+0x7a>
D:\WkPjt\MStory2.0\Mango-Z1.Firmware\Z1.Src003.ClockControl\src/main.c:88
        {
        case '0':
            System_Information();
  6a:	f7ff fffe 	bl	0 <main>
  6e:	e004      	b.n	c <LED_Test+0xc>
D:\WkPjt\MStory2.0\Mango-Z1.Firmware\Z1.Src003.ClockControl\src/main.c:92
            break;

        case '1':
            LED_Test();
  70:	f7ff fffe 	bl	0 <LED_Test>
  74:	e001      	b.n	6 <KEY_Test+0x6>
D:\WkPjt\MStory2.0\Mango-Z1.Firmware\Z1.Src003.ClockControl\src/main.c:96
            break;

        case '2':
            KEY_Test();
  76:	f7ff fffe 	bl	0 <KEY_Test>
D:\WkPjt\MStory2.0\Mango-Z1.Firmware\Z1.Src003.ClockControl\src/main.c:100
            break;
        }

        if('x' == (char)ch)
  7a:	2c78      	cmp	r4, #120
  7c:	d1cc      	bne.n	18 <main+0x18>
D:\WkPjt\MStory2.0\Mango-Z1.Firmware\Z1.Src003.ClockControl\src/main.c:107
            break;
        }
    }

    return 0;
}
  7e:	2000      	movs	r0, #0
  80:	bd10      	pop	{r4, pc}
  82:	46c0      	nop			(mov r8, r8)
  84:	00000082 	.word	0x00000082
  88:	0000009a 	.word	0x0000009a
  8c:	000000b1 	.word	0x000000b1
  90:	000000c0 	.word	0x000000c0
  94:	000000d6 	.word	0x000000d6
  98:	000000ec 	.word	0x000000ec
  9c:	000000f8 	.word	0x000000f8
  a0:	00000104 	.word	0x00000104
  a4:	40013800 	.word	0x40013800
  a8:	0000010d 	.word	0x0000010d
