
D:\WkPjt\MStory2.0\Mango-M32.Firmware\M32.Src008.KeyPress\project\RIDE\obj\key.o:     file format elf32-littlearm
D:\WkPjt\MStory2.0\Mango-M32.Firmware\M32.Src008.KeyPress\project\RIDE\obj\key.o

Disassembly of section .text.GPIO_ReadInputDataBit:

00000000 <GPIO_ReadInputDataBit>:
GPIO_ReadInputDataBit():
D:\WkPjt\MStory2.0\Mango-M32.Firmware\M32.Src008.KeyPress\src/key.c:20

uint8_t GPIO_ReadInputDataBit(GPIO_TypeDef* GPIOx, uint16_t GPIO_Pin)
{
    uint8_t bitstatus = 0x00;

    if ((GPIOx->IDR & GPIO_Pin) != (uint32_t)Bit_RESET)
   0:	6883      	ldr	r3, [r0, #8]
   2:	4219      	tst	r1, r3
D:\WkPjt\MStory2.0\Mango-M32.Firmware\M32.Src008.KeyPress\src/key.c:29
    else
    {
        bitstatus = (uint8_t)Bit_RESET;
    }
    return bitstatus;
}
   4:	bf0c      	ite	eq
   6:	2000      	moveq	r0, #0
   8:	2001      	movne	r0, #1
   a:	4770      	bx	lr
Disassembly of section .text.KEY_Test:

00000000 <KEY_Test>:
KEY_Test():
D:\WkPjt\MStory2.0\Mango-M32.Firmware\M32.Src008.KeyPress\src/key.c:43
void LED_On_All (void);
void LED_Off_All (void);
*/

void KEY_Test (void)
{
   0:	b510      	push	{r4, lr}
D:\WkPjt\MStory2.0\Mango-M32.Firmware\M32.Src008.KeyPress\src/key.c:46
    uint32_t i = 0;

    delay_1_second();
   2:	f7ff fffe 	bl	0 <delay_1_second>
D:\WkPjt\MStory2.0\Mango-M32.Firmware\M32.Src008.KeyPress\src/key.c:47
    LED_Off_All();
   6:	f7ff fffe 	bl	0 <LED_Off_All>
   a:	2400      	movs	r4, #0
D:\WkPjt\MStory2.0\Mango-M32.Firmware\M32.Src008.KeyPress\src/key.c:51

    while(1)
    {
        delay_100_milli_second();
   c:	f7ff fffe 	bl	0 <delay_100_milli_second>
D:\WkPjt\MStory2.0\Mango-M32.Firmware\M32.Src008.KeyPress\src/key.c:53

        if((i++ & 0x1) == 0x0)
  10:	f004 0301 	and.w	r3, r4, #1	; 0x1
  14:	3401      	adds	r4, #1
  16:	b913      	cbnz	r3, 1e <KEY_Test+0x1e>
D:\WkPjt\MStory2.0\Mango-M32.Firmware\M32.Src008.KeyPress\src/key.c:55
        {
            LED_On_Blue();
  18:	f7ff fffe 	bl	0 <LED_On_Blue>
  1c:	e001      	b.n	6 <LED_Off_Blue+0x6>
D:\WkPjt\MStory2.0\Mango-M32.Firmware\M32.Src008.KeyPress\src/key.c:59
        }
        else
        {
            LED_Off_Blue();
  1e:	f7ff fffe 	bl	0 <LED_Off_Blue>
D:\WkPjt\MStory2.0\Mango-M32.Firmware\M32.Src008.KeyPress\src/key.c:62
        }

        if(GPIO_ReadInputDataBit(GPIO_KEY, GPIO_KEY1_PIN) == Bit_SET)
  22:	2101      	movs	r1, #1
  24:	480a      	ldr	r0, [pc, #40]	(50 <KEY_Test+0x50>)
  26:	f7ff fffe 	bl	0 <KEY_Test>
  2a:	2801      	cmp	r0, #1
  2c:	d102      	bne.n	34 <KEY_Test+0x34>
D:\WkPjt\MStory2.0\Mango-M32.Firmware\M32.Src008.KeyPress\src/key.c:64
        {
            LED_On_Red();
  2e:	f7ff fffe 	bl	0 <LED_On_Red>
  32:	e001      	b.n	6 <LED_Off_Red+0x6>
D:\WkPjt\MStory2.0\Mango-M32.Firmware\M32.Src008.KeyPress\src/key.c:68
        }
        else
        {
            LED_Off_Red();
  34:	f7ff fffe 	bl	0 <LED_Off_Red>
D:\WkPjt\MStory2.0\Mango-M32.Firmware\M32.Src008.KeyPress\src/key.c:71
        }

        if(GPIO_ReadInputDataBit(GPIO_KEY, GPIO_KEY2_PIN) == Bit_SET)
  38:	2102      	movs	r1, #2
  3a:	4805      	ldr	r0, [pc, #20]	(50 <KEY_Test+0x50>)
  3c:	f7ff fffe 	bl	0 <KEY_Test>
  40:	2801      	cmp	r0, #1
  42:	d102      	bne.n	4a <KEY_Test+0x4a>
D:\WkPjt\MStory2.0\Mango-M32.Firmware\M32.Src008.KeyPress\src/key.c:73
        {
            LED_On_Yellow();
  44:	f7ff fffe 	bl	0 <LED_On_Yellow>
  48:	e7e0      	b.n	ffffffc4 <LED_Off_Yellow+0xffffffc4>
D:\WkPjt\MStory2.0\Mango-M32.Firmware\M32.Src008.KeyPress\src/key.c:77
        }
        else
        {
            LED_Off_Yellow();
  4a:	f7ff fffe 	bl	0 <LED_Off_Yellow>
  4e:	e7dd      	b.n	c <LED_Off_Yellow+0xc>
  50:	40010800 	.word	0x40010800
