
D:\WkPjt\MStory2.0\Mango-M32.Firmware\M32.Src008.KeyPress\project\RIDE\obj\main.o:     file format elf32-littlearm
D:\WkPjt\MStory2.0\Mango-M32.Firmware\M32.Src008.KeyPress\project\RIDE\obj\main.o

Disassembly of section .text.delay_int_count:

00000000 <delay_int_count>:
delay_int_count():
D:\WkPjt\MStory2.0\Mango-M32.Firmware\M32.Src008.KeyPress\src/main.c:17
#include "platform_config.h"

/* functions */

static void delay_int_count(volatile unsigned int nTime)
{
   0:	b082      	sub	sp, #8
   2:	9001      	str	r0, [sp, #4]
   4:	e002      	b.n	c <delay_int_count+0xc>
D:\WkPjt\MStory2.0\Mango-M32.Firmware\M32.Src008.KeyPress\src/main.c:18
    for(; nTime > 0; nTime--);
   6:	9b01      	ldr	r3, [sp, #4]
   8:	3b01      	subs	r3, #1
   a:	9301      	str	r3, [sp, #4]
   c:	9b01      	ldr	r3, [sp, #4]
   e:	2b00      	cmp	r3, #0
  10:	d1f9      	bne.n	6 <delay_int_count+0x6>
D:\WkPjt\MStory2.0\Mango-M32.Firmware\M32.Src008.KeyPress\src/main.c:19
}
  12:	b002      	add	sp, #8
  14:	4770      	bx	lr
  16:	46c0      	nop			(mov r8, r8)
Disassembly of section .text.delay_1_second:

00000000 <delay_1_second>:
delay_1_second():
D:\WkPjt\MStory2.0\Mango-M32.Firmware\M32.Src008.KeyPress\src/main.c:22

void delay_1_second(void)
{
   0:	b510      	push	{r4, lr}
D:\WkPjt\MStory2.0\Mango-M32.Firmware\M32.Src008.KeyPress\src/main.c:23
    delay_int_count(806596);
   2:	4802      	ldr	r0, [pc, #8]	(c <delay_1_second+0xc>)
   4:	f7ff fffe 	bl	0 <delay_1_second>
D:\WkPjt\MStory2.0\Mango-M32.Firmware\M32.Src008.KeyPress\src/main.c:24
}
   8:	bd10      	pop	{r4, pc}
   a:	46c0      	nop			(mov r8, r8)
   c:	000c4ec4 	.word	0x000c4ec4
Disassembly of section .text.delay_100_milli_second:

00000000 <delay_100_milli_second>:
delay_100_milli_second():
D:\WkPjt\MStory2.0\Mango-M32.Firmware\M32.Src008.KeyPress\src/main.c:27

void delay_100_milli_second(void)
{
   0:	b510      	push	{r4, lr}
D:\WkPjt\MStory2.0\Mango-M32.Firmware\M32.Src008.KeyPress\src/main.c:28
    delay_int_count(80660);
   2:	4802      	ldr	r0, [pc, #8]	(c <delay_100_milli_second+0xc>)
   4:	f7ff fffe 	bl	0 <delay_100_milli_second>
D:\WkPjt\MStory2.0\Mango-M32.Firmware\M32.Src008.KeyPress\src/main.c:29
}
   8:	bd10      	pop	{r4, pc}
   a:	46c0      	nop			(mov r8, r8)
   c:	00013b14 	.word	0x00013b14
Disassembly of section .text.GPIO_Port_Init:

00000000 <GPIO_Port_Init>:
GPIO_Port_Init():
D:\WkPjt\MStory2.0\Mango-M32.Firmware\M32.Src008.KeyPress\src/main.c:35

void GPIO_Port_Init
        (GPIO_TypeDef* GPIOx, uint16_t pinNum,
         GPIOSpeed_TypeDef speedValE, uint32_t modeE)
{
    uint32_t tmpVal = modeE << 2 | speedValE;
   0:	ea42 0c83 	orr.w	ip, r2, r3, lsl #2
D:\WkPjt\MStory2.0\Mango-M32.Firmware\M32.Src008.KeyPress\src/main.c:39
    uint32_t pinpos = 0x00;

    // pin #0 ~ #7
    if((pinNum & 0xFF) != 0)
   4:	f011 02ff 	ands.w	r2, r1, #255	; 0xff
   8:	d015      	beq.n	36 <GPIO_Port_Init+0x36>
   a:	2200      	movs	r2, #0
D:\WkPjt\MStory2.0\Mango-M32.Firmware\M32.Src008.KeyPress\src/main.c:43
    {
        for (pinpos = 0x00; pinpos < 0x08; pinpos++)
        {
            if (pinNum == ((uint32_t)0x01) << pinpos)
   c:	2301      	movs	r3, #1
   e:	4093      	lsls	r3, r2
  10:	4299      	cmp	r1, r3
  12:	d10c      	bne.n	2e <GPIO_Port_Init+0x2e>
D:\WkPjt\MStory2.0\Mango-M32.Firmware\M32.Src008.KeyPress\src/main.c:46
            {
                pinpos = pinpos * 4;
                GPIOx->CRL &= ~(0xF << pinpos);
  14:	0092      	lsls	r2, r2, #2
  16:	230f      	movs	r3, #15
  18:	4093      	lsls	r3, r2
D:\WkPjt\MStory2.0\Mango-M32.Firmware\M32.Src008.KeyPress\src/main.c:47
                GPIOx->CRL |= tmpVal << pinpos;
  1a:	fa0c f202 	lsl.w	r2, ip, r2
D:\WkPjt\MStory2.0\Mango-M32.Firmware\M32.Src008.KeyPress\src/main.c:46
        for (pinpos = 0x00; pinpos < 0x08; pinpos++)
        {
            if (pinNum == ((uint32_t)0x01) << pinpos)
            {
                pinpos = pinpos * 4;
                GPIOx->CRL &= ~(0xF << pinpos);
  1e:	6801      	ldr	r1, [r0, #0]
  20:	ea21 0103 	bic.w	r1, r1, r3
  24:	6001      	str	r1, [r0, #0]
D:\WkPjt\MStory2.0\Mango-M32.Firmware\M32.Src008.KeyPress\src/main.c:47
                GPIOx->CRL |= tmpVal << pinpos;
  26:	6803      	ldr	r3, [r0, #0]
  28:	431a      	orrs	r2, r3
  2a:	6002      	str	r2, [r0, #0]
  2c:	e018      	b.n	60 <GPIO_Port_Init+0x60>
D:\WkPjt\MStory2.0\Mango-M32.Firmware\M32.Src008.KeyPress\src/main.c:41
    uint32_t pinpos = 0x00;

    // pin #0 ~ #7
    if((pinNum & 0xFF) != 0)
    {
        for (pinpos = 0x00; pinpos < 0x08; pinpos++)
  2e:	3201      	adds	r2, #1
  30:	2a08      	cmp	r2, #8
  32:	d1eb      	bne.n	c <GPIO_Port_Init+0xc>
  34:	e014      	b.n	60 <GPIO_Port_Init+0x60>
D:\WkPjt\MStory2.0\Mango-M32.Firmware\M32.Src008.KeyPress\src/main.c:56
    }

    // pin #8 ~ #15
    else
    {
        pinNum = pinNum >> 8;
  36:	0a09      	lsrs	r1, r1, #8
D:\WkPjt\MStory2.0\Mango-M32.Firmware\M32.Src008.KeyPress\src/main.c:59
        for (pinpos = 0x00; pinpos < 0x08; pinpos++)
        {
            if (pinNum == ((uint32_t)0x01) << pinpos)
  38:	2301      	movs	r3, #1
  3a:	4093      	lsls	r3, r2
  3c:	4299      	cmp	r1, r3
  3e:	d10c      	bne.n	5a <GPIO_Port_Init+0x5a>
D:\WkPjt\MStory2.0\Mango-M32.Firmware\M32.Src008.KeyPress\src/main.c:62
            {
                pinpos = pinpos * 4;
                GPIOx->CRH &= ~(0xF << pinpos);
  40:	0092      	lsls	r2, r2, #2
  42:	230f      	movs	r3, #15
  44:	4093      	lsls	r3, r2
D:\WkPjt\MStory2.0\Mango-M32.Firmware\M32.Src008.KeyPress\src/main.c:63
                GPIOx->CRH |= tmpVal << pinpos;
  46:	fa0c f202 	lsl.w	r2, ip, r2
D:\WkPjt\MStory2.0\Mango-M32.Firmware\M32.Src008.KeyPress\src/main.c:62
        for (pinpos = 0x00; pinpos < 0x08; pinpos++)
        {
            if (pinNum == ((uint32_t)0x01) << pinpos)
            {
                pinpos = pinpos * 4;
                GPIOx->CRH &= ~(0xF << pinpos);
  4a:	6841      	ldr	r1, [r0, #4]
  4c:	ea21 0103 	bic.w	r1, r1, r3
  50:	6041      	str	r1, [r0, #4]
D:\WkPjt\MStory2.0\Mango-M32.Firmware\M32.Src008.KeyPress\src/main.c:63
                GPIOx->CRH |= tmpVal << pinpos;
  52:	6843      	ldr	r3, [r0, #4]
  54:	431a      	orrs	r2, r3
  56:	6042      	str	r2, [r0, #4]
  58:	e002      	b.n	60 <GPIO_Port_Init+0x60>
D:\WkPjt\MStory2.0\Mango-M32.Firmware\M32.Src008.KeyPress\src/main.c:57

    // pin #8 ~ #15
    else
    {
        pinNum = pinNum >> 8;
        for (pinpos = 0x00; pinpos < 0x08; pinpos++)
  5a:	3201      	adds	r2, #1
  5c:	2a08      	cmp	r2, #8
  5e:	d1eb      	bne.n	38 <GPIO_Port_Init+0x38>
D:\WkPjt\MStory2.0\Mango-M32.Firmware\M32.Src008.KeyPress\src/main.c:68
                GPIOx->CRH |= tmpVal << pinpos;
                break;
            }
        }
    }
}
  60:	4770      	bx	lr
  62:	46c0      	nop			(mov r8, r8)
Disassembly of section .text.main:

00000000 <main>:
main():
D:\WkPjt\MStory2.0\Mango-M32.Firmware\M32.Src008.KeyPress\src/main.c:78
 * Output : None
 * Return : None
 */
int main(void)
{
    RCC->APB2ENR |= RCC_APB2Periph_GPIOA;
   0:	4b16      	ldr	r3, [pc, #88]	(5c <main+0x5c>)
D:\WkPjt\MStory2.0\Mango-M32.Firmware\M32.Src008.KeyPress\src/main.c:77
 * Input  : None
 * Output : None
 * Return : None
 */
int main(void)
{
   2:	b510      	push	{r4, lr}
D:\WkPjt\MStory2.0\Mango-M32.Firmware\M32.Src008.KeyPress\src/main.c:78
    RCC->APB2ENR |= RCC_APB2Periph_GPIOA;
   4:	699a      	ldr	r2, [r3, #24]
D:\WkPjt\MStory2.0\Mango-M32.Firmware\M32.Src008.KeyPress\src/main.c:81
    RCC->APB2ENR |= RCC_APB2Periph_GPIOB;

    GPIO_Port_Init(GPIO_LED, GPIO_LED1_PIN, GPIO_Speed_10MHz, GPIO_Mode_Out_PP);
   6:	4816      	ldr	r0, [pc, #88]	(60 <main+0x60>)
D:\WkPjt\MStory2.0\Mango-M32.Firmware\M32.Src008.KeyPress\src/main.c:78
 * Output : None
 * Return : None
 */
int main(void)
{
    RCC->APB2ENR |= RCC_APB2Periph_GPIOA;
   8:	f042 0204 	orr.w	r2, r2, #4	; 0x4
   c:	619a      	str	r2, [r3, #24]
D:\WkPjt\MStory2.0\Mango-M32.Firmware\M32.Src008.KeyPress\src/main.c:79
    RCC->APB2ENR |= RCC_APB2Periph_GPIOB;
   e:	699a      	ldr	r2, [r3, #24]
D:\WkPjt\MStory2.0\Mango-M32.Firmware\M32.Src008.KeyPress\src/main.c:81

    GPIO_Port_Init(GPIO_LED, GPIO_LED1_PIN, GPIO_Speed_10MHz, GPIO_Mode_Out_PP);
  10:	f44f 7100 	mov.w	r1, #512	; 0x200
D:\WkPjt\MStory2.0\Mango-M32.Firmware\M32.Src008.KeyPress\src/main.c:79
 * Return : None
 */
int main(void)
{
    RCC->APB2ENR |= RCC_APB2Periph_GPIOA;
    RCC->APB2ENR |= RCC_APB2Periph_GPIOB;
  14:	f042 0208 	orr.w	r2, r2, #8	; 0x8
  18:	619a      	str	r2, [r3, #24]
D:\WkPjt\MStory2.0\Mango-M32.Firmware\M32.Src008.KeyPress\src/main.c:81

    GPIO_Port_Init(GPIO_LED, GPIO_LED1_PIN, GPIO_Speed_10MHz, GPIO_Mode_Out_PP);
  1a:	2201      	movs	r2, #1
  1c:	2300      	movs	r3, #0
  1e:	f7ff fffe 	bl	0 <main>
D:\WkPjt\MStory2.0\Mango-M32.Firmware\M32.Src008.KeyPress\src/main.c:82
    GPIO_Port_Init(GPIO_LED, GPIO_LED2_PIN, GPIO_Speed_10MHz, GPIO_Mode_Out_PP);
  22:	480f      	ldr	r0, [pc, #60]	(60 <main+0x60>)
  24:	2120      	movs	r1, #32
  26:	2201      	movs	r2, #1
  28:	2300      	movs	r3, #0
  2a:	f7ff fffe 	bl	0 <main>
D:\WkPjt\MStory2.0\Mango-M32.Firmware\M32.Src008.KeyPress\src/main.c:83
    GPIO_Port_Init(GPIO_LED, GPIO_LED3_PIN, GPIO_Speed_10MHz, GPIO_Mode_Out_PP);
  2e:	480c      	ldr	r0, [pc, #48]	(60 <main+0x60>)
  30:	f44f 7180 	mov.w	r1, #256	; 0x100
  34:	2201      	movs	r2, #1
  36:	2300      	movs	r3, #0
  38:	f7ff fffe 	bl	0 <main>
D:\WkPjt\MStory2.0\Mango-M32.Firmware\M32.Src008.KeyPress\src/main.c:85

    GPIO_Port_Init(GPIO_KEY, GPIO_KEY1_PIN, GPIO_Input_Mode, GPIO_Mode_IN_FLOATING);
  3c:	2101      	movs	r1, #1
  3e:	460b      	mov	r3, r1
  40:	4808      	ldr	r0, [pc, #32]	(64 <main+0x64>)
  42:	2200      	movs	r2, #0
  44:	f7ff fffe 	bl	0 <main>
D:\WkPjt\MStory2.0\Mango-M32.Firmware\M32.Src008.KeyPress\src/main.c:86
    GPIO_Port_Init(GPIO_KEY, GPIO_KEY2_PIN, GPIO_Input_Mode, GPIO_Mode_IN_FLOATING);
  48:	4806      	ldr	r0, [pc, #24]	(64 <main+0x64>)
  4a:	2102      	movs	r1, #2
  4c:	2200      	movs	r2, #0
  4e:	2301      	movs	r3, #1
  50:	f7ff fffe 	bl	0 <main>
D:\WkPjt\MStory2.0\Mango-M32.Firmware\M32.Src008.KeyPress\src/main.c:89

//    LED_Test();
    KEY_Test();
  54:	f7ff fffe 	bl	0 <KEY_Test>
  58:	e7fe      	b.n	58 <KEY_Test+0x58>
  5a:	46c0      	nop			(mov r8, r8)
  5c:	40021000 	.word	0x40021000
  60:	40010c00 	.word	0x40010c00
  64:	40010800 	.word	0x40010800
